<?xml version="1.0" encoding="UTF-8"?>
<!-- Generated by org.testng.reporters.JUnitReportReporter -->
<testsuite skipped="0" hostname="INadmins-MacBook-Pro-3.local" name="Tests.LoginTest" tests="1" failures="0" timestamp="09 Dec 2019 06:41:19 GMT" time="5.693" errors="0">
  <testcase name="verifyLoginLogout" time="5.693" classname="Tests.LoginTest"/>
</testsuite> <!-- Tests.LoginTest -->
